<?xml version="1.0" encoding="UTF-8"?>
<!-- Generated by org.testng.reporters.JUnitReportReporter -->
<testsuite hostname="Anubhav" failures="0" tests="4" name="Login.Logins" time="24.335" errors="0" timestamp="2024-12-12T20:20:40 IST" skipped="0">
  <testcase classname="Login.Logins" name="setup" time="15.609"/>
  <testcase classname="Login.Logins" name="logiin" time="3.511"/>
  <testcase classname="Login.Logins" name="checkLoginStatus" time="0.003"/>
  <testcase classname="Login.Logins" name="loginfailed" time="5.212"/>
</testsuite> <!-- Login.Logins -->
