<?xml version="1.0" encoding="UTF-8"?>
<!-- Generated by org.testng.reporters.JUnitReportReporter -->
<testsuite hostname="Anubhav" failures="0" tests="3" name="Login.Logins" time="14.183" errors="0" timestamp="2024-11-21T22:01:30 IST" skipped="0">
  <testcase classname="Login.Logins" name="setup" time="10.760"/>
  <testcase classname="Login.Logins" name="logiin" time="3.418"/>
  <testcase classname="Login.Logins" name="checkLoginStatus" time="0.005"/>
</testsuite> <!-- Login.Logins -->
