<?xml version="1.0" encoding="UTF-8"?>
<!-- Generated by org.testng.reporters.JUnitReportReporter -->
<testsuite hostname="Anubhav" failures="0" tests="4" name="Login.Logins" time="20.335" errors="0" timestamp="2024-11-26T22:07:31 IST" skipped="0">
  <testcase classname="Login.Logins" name="setup" time="11.672"/>
  <testcase classname="Login.Logins" name="logiin" time="3.493"/>
  <testcase classname="Login.Logins" name="checkLoginStatus" time="0.002"/>
  <testcase classname="Login.Logins" name="loginfailed" time="5.168"/>
</testsuite> <!-- Login.Logins -->
